<?xml version="1.0" encoding="UTF-8"?>
<!-- Generated by org.testng.reporters.JUnitReportReporter -->
<testsuite hostname="LAPTOP-UNCQOOOK" failures="0" tests="1" name="tests.LoginTest" time="3.372" errors="0" timestamp="2024-12-05T01:56:13 COT" skipped="0">
  <testcase classname="tests.LoginTest" name="testLogin" time="3.372"/>
</testsuite> <!-- tests.LoginTest -->
